[0.704s] Invoking command in '/home/turtlebot-pc/test_projects/obstacle_visualizer': PYTHONPATH=/home/turtlebot-pc/test_projects/build/obstacle_visualizer/prefix_override:/usr/lib/python3/dist-packages/colcon_core/task/python/colcon_distutils_commands:/home/turtlebot-pc/test_projects/install/obstacle_visualizer/lib/python3.10/site-packages:${PYTHONPATH} /usr/bin/python3 -W ignore:setup.py install is deprecated -W ignore:easy_install command is deprecated setup.py egg_info --egg-base ../build/obstacle_visualizer build --build-base /home/turtlebot-pc/test_projects/build/obstacle_visualizer/build install --record /home/turtlebot-pc/test_projects/build/obstacle_visualizer/install.log --single-version-externally-managed install_data
[0.972s] running egg_info
[0.973s] writing ../build/obstacle_visualizer/obstacle_visualizer.egg-info/PKG-INFO
[0.973s] writing dependency_links to ../build/obstacle_visualizer/obstacle_visualizer.egg-info/dependency_links.txt
[0.974s] writing entry points to ../build/obstacle_visualizer/obstacle_visualizer.egg-info/entry_points.txt
[0.974s] writing requirements to ../build/obstacle_visualizer/obstacle_visualizer.egg-info/requires.txt
[0.974s] writing top-level names to ../build/obstacle_visualizer/obstacle_visualizer.egg-info/top_level.txt
[0.977s] reading manifest file '../build/obstacle_visualizer/obstacle_visualizer.egg-info/SOURCES.txt'
[0.978s] writing manifest file '../build/obstacle_visualizer/obstacle_visualizer.egg-info/SOURCES.txt'
[0.978s] running build
[0.979s] running build_py
[0.979s] running install
[0.980s] running install_lib
[0.984s] running install_data
[0.984s] running install_egg_info
[0.986s] removing '/home/turtlebot-pc/test_projects/install/obstacle_visualizer/lib/python3.10/site-packages/obstacle_visualizer-0.0.0-py3.10.egg-info' (and everything under it)
[0.987s] Copying ../build/obstacle_visualizer/obstacle_visualizer.egg-info to /home/turtlebot-pc/test_projects/install/obstacle_visualizer/lib/python3.10/site-packages/obstacle_visualizer-0.0.0-py3.10.egg-info
[0.988s] running install_scripts
[1.009s] Installing obstacle_visualizer_node script to /home/turtlebot-pc/test_projects/install/obstacle_visualizer/lib/obstacle_visualizer
[1.010s] writing list of installed files to '/home/turtlebot-pc/test_projects/build/obstacle_visualizer/install.log'
[1.040s] Invoked command in '/home/turtlebot-pc/test_projects/obstacle_visualizer' returned '0': PYTHONPATH=/home/turtlebot-pc/test_projects/build/obstacle_visualizer/prefix_override:/usr/lib/python3/dist-packages/colcon_core/task/python/colcon_distutils_commands:/home/turtlebot-pc/test_projects/install/obstacle_visualizer/lib/python3.10/site-packages:${PYTHONPATH} /usr/bin/python3 -W ignore:setup.py install is deprecated -W ignore:easy_install command is deprecated setup.py egg_info --egg-base ../build/obstacle_visualizer build --build-base /home/turtlebot-pc/test_projects/build/obstacle_visualizer/build install --record /home/turtlebot-pc/test_projects/build/obstacle_visualizer/install.log --single-version-externally-managed install_data
