[0.068s] DEBUG:colcon:Command line arguments: ['/usr/bin/colcon', 'build']
[0.068s] DEBUG:colcon:Parsed command line arguments: Namespace(log_base=None, log_level=None, verb_name='build', build_base='build', install_base='install', merge_install=False, symlink_install=False, test_result_base=None, continue_on_error=False, executor='parallel', parallel_workers=20, event_handlers=None, ignore_user_meta=False, metas=['./colcon.meta'], base_paths=['.'], packages_ignore=None, packages_ignore_regex=None, paths=None, packages_up_to=None, packages_up_to_regex=None, packages_above=None, packages_above_and_dependencies=None, packages_above_depth=None, packages_select_by_dep=None, packages_skip_by_dep=None, packages_skip_up_to=None, packages_select_build_failed=False, packages_skip_build_finished=False, packages_select_test_failures=False, packages_skip_test_passed=False, packages_select=None, packages_skip=None, packages_select_regex=None, packages_skip_regex=None, packages_start=None, packages_end=None, allow_overriding=[], cmake_args=None, cmake_target=None, cmake_target_skip_unavailable=False, cmake_clean_cache=False, cmake_clean_first=False, cmake_force_configure=False, ament_cmake_args=None, catkin_cmake_args=None, catkin_skip_building_tests=False, mixin_files=None, mixin=None, verb_parser=<colcon_mixin.mixin.mixin_argument.MixinArgumentDecorator object at 0x70de87b3dff0>, verb_extension=<colcon_core.verb.build.BuildVerb object at 0x70de87c62fb0>, main=<bound method BuildVerb.main of <colcon_core.verb.build.BuildVerb object at 0x70de87c62fb0>>, mixin_verb=('build',))
[0.167s] Level 1:colcon.colcon_core.package_discovery:discover_packages(colcon_meta) check parameters
[0.167s] Level 1:colcon.colcon_core.package_discovery:discover_packages(recursive) check parameters
[0.167s] Level 1:colcon.colcon_core.package_discovery:discover_packages(ignore) check parameters
[0.167s] Level 1:colcon.colcon_core.package_discovery:discover_packages(path) check parameters
[0.167s] Level 1:colcon.colcon_core.package_discovery:discover_packages(colcon_meta) discover
[0.167s] Level 1:colcon.colcon_core.package_discovery:discover_packages(recursive) discover
[0.167s] INFO:colcon.colcon_core.package_discovery:Crawling recursively for packages in '/home/ian/test_projects'
[0.167s] Level 1:colcon.colcon_core.package_identification:_identify(.) by extensions ['ignore', 'ignore_ament_install']
[0.167s] Level 1:colcon.colcon_core.package_identification:_identify(.) by extension 'ignore'
[0.167s] Level 1:colcon.colcon_core.package_identification:_identify(.) by extension 'ignore_ament_install'
[0.167s] Level 1:colcon.colcon_core.package_identification:_identify(.) by extensions ['colcon_pkg']
[0.167s] Level 1:colcon.colcon_core.package_identification:_identify(.) by extension 'colcon_pkg'
[0.167s] Level 1:colcon.colcon_core.package_identification:_identify(.) by extensions ['colcon_meta']
[0.167s] Level 1:colcon.colcon_core.package_identification:_identify(.) by extension 'colcon_meta'
[0.167s] Level 1:colcon.colcon_core.package_identification:_identify(.) by extensions ['ros']
[0.167s] Level 1:colcon.colcon_core.package_identification:_identify(.) by extension 'ros'
[0.172s] Level 1:colcon.colcon_core.package_identification:_identify(.) by extensions ['cmake', 'python']
[0.172s] Level 1:colcon.colcon_core.package_identification:_identify(.) by extension 'cmake'
[0.172s] Level 1:colcon.colcon_core.package_identification:_identify(.) by extension 'python'
[0.172s] Level 1:colcon.colcon_core.package_identification:_identify(.) by extensions ['python_setup_py']
[0.172s] Level 1:colcon.colcon_core.package_identification:_identify(.) by extension 'python_setup_py'
[0.172s] Level 1:colcon.colcon_core.package_identification:_identify(build) by extensions ['ignore', 'ignore_ament_install']
[0.172s] Level 1:colcon.colcon_core.package_identification:_identify(build) by extension 'ignore'
[0.172s] Level 1:colcon.colcon_core.package_identification:_identify(build) ignored
[0.172s] Level 1:colcon.colcon_core.package_identification:_identify(install) by extensions ['ignore', 'ignore_ament_install']
[0.172s] Level 1:colcon.colcon_core.package_identification:_identify(install) by extension 'ignore'
[0.172s] Level 1:colcon.colcon_core.package_identification:_identify(install) ignored
[0.172s] Level 1:colcon.colcon_core.package_identification:_identify(log) by extensions ['ignore', 'ignore_ament_install']
[0.172s] Level 1:colcon.colcon_core.package_identification:_identify(log) by extension 'ignore'
[0.172s] Level 1:colcon.colcon_core.package_identification:_identify(log) ignored
[0.172s] Level 1:colcon.colcon_core.package_identification:_identify(obstacle_visualizer) by extensions ['ignore', 'ignore_ament_install']
[0.172s] Level 1:colcon.colcon_core.package_identification:_identify(obstacle_visualizer) by extension 'ignore'
[0.172s] Level 1:colcon.colcon_core.package_identification:_identify(obstacle_visualizer) by extension 'ignore_ament_install'
[0.172s] Level 1:colcon.colcon_core.package_identification:_identify(obstacle_visualizer) by extensions ['colcon_pkg']
[0.172s] Level 1:colcon.colcon_core.package_identification:_identify(obstacle_visualizer) by extension 'colcon_pkg'
[0.172s] Level 1:colcon.colcon_core.package_identification:_identify(obstacle_visualizer) by extensions ['colcon_meta']
[0.172s] Level 1:colcon.colcon_core.package_identification:_identify(obstacle_visualizer) by extension 'colcon_meta'
[0.172s] Level 1:colcon.colcon_core.package_identification:_identify(obstacle_visualizer) by extensions ['ros']
[0.172s] Level 1:colcon.colcon_core.package_identification:_identify(obstacle_visualizer) by extension 'ros'
[0.174s] DEBUG:colcon.colcon_core.package_identification:Package 'obstacle_visualizer' with type 'ros.ament_python' and name 'obstacle_visualizer'
[0.174s] Level 1:colcon.colcon_core.package_discovery:discover_packages(recursive) using defaults
[0.174s] Level 1:colcon.colcon_core.package_discovery:discover_packages(ignore) discover
[0.174s] Level 1:colcon.colcon_core.package_discovery:discover_packages(ignore) using defaults
[0.174s] Level 1:colcon.colcon_core.package_discovery:discover_packages(path) discover
[0.174s] Level 1:colcon.colcon_core.package_discovery:discover_packages(path) using defaults
[0.189s] Level 1:colcon.colcon_core.package_discovery:discover_packages(prefix_path) check parameters
[0.189s] Level 1:colcon.colcon_core.package_discovery:discover_packages(prefix_path) discover
[0.190s] DEBUG:colcon.colcon_installed_package_information.package_discovery:Found 387 installed packages in /opt/ros/humble
[0.191s] Level 1:colcon.colcon_core.package_discovery:discover_packages(prefix_path) using defaults
[0.208s] Level 5:colcon.colcon_core.verb:set package 'obstacle_visualizer' build argument 'cmake_args' from command line to 'None'
[0.208s] Level 5:colcon.colcon_core.verb:set package 'obstacle_visualizer' build argument 'cmake_target' from command line to 'None'
[0.208s] Level 5:colcon.colcon_core.verb:set package 'obstacle_visualizer' build argument 'cmake_target_skip_unavailable' from command line to 'False'
[0.208s] Level 5:colcon.colcon_core.verb:set package 'obstacle_visualizer' build argument 'cmake_clean_cache' from command line to 'False'
[0.208s] Level 5:colcon.colcon_core.verb:set package 'obstacle_visualizer' build argument 'cmake_clean_first' from command line to 'False'
[0.208s] Level 5:colcon.colcon_core.verb:set package 'obstacle_visualizer' build argument 'cmake_force_configure' from command line to 'False'
[0.208s] Level 5:colcon.colcon_core.verb:set package 'obstacle_visualizer' build argument 'ament_cmake_args' from command line to 'None'
[0.208s] Level 5:colcon.colcon_core.verb:set package 'obstacle_visualizer' build argument 'catkin_cmake_args' from command line to 'None'
[0.208s] Level 5:colcon.colcon_core.verb:set package 'obstacle_visualizer' build argument 'catkin_skip_building_tests' from command line to 'False'
[0.208s] DEBUG:colcon.colcon_core.verb:Building package 'obstacle_visualizer' with the following arguments: {'ament_cmake_args': None, 'build_base': '/home/ian/test_projects/build/obstacle_visualizer', 'catkin_cmake_args': None, 'catkin_skip_building_tests': False, 'cmake_args': None, 'cmake_clean_cache': False, 'cmake_clean_first': False, 'cmake_force_configure': False, 'cmake_target': None, 'cmake_target_skip_unavailable': False, 'install_base': '/home/ian/test_projects/install/obstacle_visualizer', 'merge_install': False, 'path': '/home/ian/test_projects/obstacle_visualizer', 'symlink_install': False, 'test_result_base': None}
[0.208s] INFO:colcon.colcon_core.executor:Executing jobs using 'parallel' executor
[0.209s] DEBUG:colcon.colcon_parallel_executor.executor.parallel:run_until_complete
[0.209s] INFO:colcon.colcon_ros.task.ament_python.build:Building ROS package in '/home/ian/test_projects/obstacle_visualizer' with build type 'ament_python'
[0.209s] Level 1:colcon.colcon_core.shell:create_environment_hook('obstacle_visualizer', 'ament_prefix_path')
[0.211s] INFO:colcon.colcon_core.plugin_system:Skipping extension 'colcon_core.shell.bat': Not used on non-Windows systems
[0.211s] INFO:colcon.colcon_core.shell:Creating environment hook '/home/ian/test_projects/install/obstacle_visualizer/share/obstacle_visualizer/hook/ament_prefix_path.ps1'
[0.211s] INFO:colcon.colcon_core.shell:Creating environment descriptor '/home/ian/test_projects/install/obstacle_visualizer/share/obstacle_visualizer/hook/ament_prefix_path.dsv'
[0.211s] INFO:colcon.colcon_core.shell:Creating environment hook '/home/ian/test_projects/install/obstacle_visualizer/share/obstacle_visualizer/hook/ament_prefix_path.sh'
[0.212s] INFO:colcon.colcon_core.shell:Skip shell extension 'powershell' for command environment: Not usable outside of PowerShell
[0.212s] DEBUG:colcon.colcon_core.shell:Skip shell extension 'dsv' for command environment
[0.317s] INFO:colcon.colcon_core.task.python.build:Building Python package in '/home/ian/test_projects/obstacle_visualizer'
[0.317s] INFO:colcon.colcon_core.shell:Skip shell extension 'powershell' for command environment: Not usable outside of PowerShell
[0.317s] DEBUG:colcon.colcon_core.shell:Skip shell extension 'dsv' for command environment
[0.495s] DEBUG:colcon.colcon_core.event_handler.log_command:Invoking command in '/home/ian/test_projects/obstacle_visualizer': PYTHONPATH=/home/ian/test_projects/build/obstacle_visualizer/prefix_override:/usr/lib/python3/dist-packages/colcon_core/task/python/colcon_distutils_commands:/home/ian/test_projects/install/obstacle_visualizer/lib/python3.10/site-packages:${PYTHONPATH} /usr/bin/python3 -W ignore:setup.py install is deprecated -W ignore:easy_install command is deprecated setup.py egg_info --egg-base ../build/obstacle_visualizer build --build-base /home/ian/test_projects/build/obstacle_visualizer/build install --record /home/ian/test_projects/build/obstacle_visualizer/install.log --single-version-externally-managed install_data
[0.611s] DEBUG:colcon.colcon_core.event_handler.log_command:Invoked command in '/home/ian/test_projects/obstacle_visualizer' returned '0': PYTHONPATH=/home/ian/test_projects/build/obstacle_visualizer/prefix_override:/usr/lib/python3/dist-packages/colcon_core/task/python/colcon_distutils_commands:/home/ian/test_projects/install/obstacle_visualizer/lib/python3.10/site-packages:${PYTHONPATH} /usr/bin/python3 -W ignore:setup.py install is deprecated -W ignore:easy_install command is deprecated setup.py egg_info --egg-base ../build/obstacle_visualizer build --build-base /home/ian/test_projects/build/obstacle_visualizer/build install --record /home/ian/test_projects/build/obstacle_visualizer/install.log --single-version-externally-managed install_data
[0.613s] Level 1:colcon.colcon_core.environment:checking '/home/ian/test_projects/install/obstacle_visualizer' for CMake module files
[0.613s] Level 1:colcon.colcon_core.environment:checking '/home/ian/test_projects/install/obstacle_visualizer' for CMake config files
[0.613s] Level 1:colcon.colcon_core.environment:checking '/home/ian/test_projects/install/obstacle_visualizer/lib'
[0.613s] Level 1:colcon.colcon_core.environment:checking '/home/ian/test_projects/install/obstacle_visualizer/bin'
[0.614s] Level 1:colcon.colcon_core.environment:checking '/home/ian/test_projects/install/obstacle_visualizer/lib/pkgconfig/obstacle_visualizer.pc'
[0.614s] Level 1:colcon.colcon_core.environment:checking '/home/ian/test_projects/install/obstacle_visualizer/lib/python3.10/site-packages'
[0.614s] Level 1:colcon.colcon_core.shell:create_environment_hook('obstacle_visualizer', 'pythonpath')
[0.614s] INFO:colcon.colcon_core.shell:Creating environment hook '/home/ian/test_projects/install/obstacle_visualizer/share/obstacle_visualizer/hook/pythonpath.ps1'
[0.614s] INFO:colcon.colcon_core.shell:Creating environment descriptor '/home/ian/test_projects/install/obstacle_visualizer/share/obstacle_visualizer/hook/pythonpath.dsv'
[0.614s] INFO:colcon.colcon_core.shell:Creating environment hook '/home/ian/test_projects/install/obstacle_visualizer/share/obstacle_visualizer/hook/pythonpath.sh'
[0.614s] Level 1:colcon.colcon_core.environment:checking '/home/ian/test_projects/install/obstacle_visualizer/bin'
[0.614s] Level 1:colcon.colcon_core.environment:create_environment_scripts_only(obstacle_visualizer)
[0.615s] INFO:colcon.colcon_core.shell:Creating package script '/home/ian/test_projects/install/obstacle_visualizer/share/obstacle_visualizer/package.ps1'
[0.615s] INFO:colcon.colcon_core.shell:Creating package descriptor '/home/ian/test_projects/install/obstacle_visualizer/share/obstacle_visualizer/package.dsv'
[0.615s] INFO:colcon.colcon_core.shell:Creating package script '/home/ian/test_projects/install/obstacle_visualizer/share/obstacle_visualizer/package.sh'
[0.616s] INFO:colcon.colcon_core.shell:Creating package script '/home/ian/test_projects/install/obstacle_visualizer/share/obstacle_visualizer/package.bash'
[0.616s] INFO:colcon.colcon_core.shell:Creating package script '/home/ian/test_projects/install/obstacle_visualizer/share/obstacle_visualizer/package.zsh'
[0.616s] Level 1:colcon.colcon_core.environment:create_file_with_runtime_dependencies(/home/ian/test_projects/install/obstacle_visualizer/share/colcon-core/packages/obstacle_visualizer)
[0.616s] DEBUG:colcon.colcon_parallel_executor.executor.parallel:closing loop
[0.616s] DEBUG:colcon.colcon_parallel_executor.executor.parallel:loop closed
[0.617s] DEBUG:colcon.colcon_parallel_executor.executor.parallel:run_until_complete finished with '0'
[0.617s] DEBUG:colcon.colcon_core.event_reactor:joining thread
[0.620s] INFO:colcon.colcon_core.plugin_system:Skipping extension 'colcon_notification.desktop_notification.terminal_notifier': Not used on non-Darwin systems
[0.620s] INFO:colcon.colcon_core.plugin_system:Skipping extension 'colcon_notification.desktop_notification.win32': Not used on non-Windows systems
[0.620s] INFO:colcon.colcon_notification.desktop_notification:Sending desktop notification using 'notify2'
[0.630s] DEBUG:colcon.colcon_core.event_reactor:joined thread
[0.630s] INFO:colcon.colcon_core.shell:Creating prefix script '/home/ian/test_projects/install/local_setup.ps1'
[0.630s] INFO:colcon.colcon_core.shell:Creating prefix util module '/home/ian/test_projects/install/_local_setup_util_ps1.py'
[0.631s] INFO:colcon.colcon_core.shell:Creating prefix chain script '/home/ian/test_projects/install/setup.ps1'
[0.632s] INFO:colcon.colcon_core.shell:Creating prefix script '/home/ian/test_projects/install/local_setup.sh'
[0.632s] INFO:colcon.colcon_core.shell:Creating prefix util module '/home/ian/test_projects/install/_local_setup_util_sh.py'
[0.632s] INFO:colcon.colcon_core.shell:Creating prefix chain script '/home/ian/test_projects/install/setup.sh'
[0.632s] INFO:colcon.colcon_core.shell:Creating prefix script '/home/ian/test_projects/install/local_setup.bash'
[0.633s] INFO:colcon.colcon_core.shell:Creating prefix chain script '/home/ian/test_projects/install/setup.bash'
[0.633s] INFO:colcon.colcon_core.shell:Creating prefix script '/home/ian/test_projects/install/local_setup.zsh'
[0.633s] INFO:colcon.colcon_core.shell:Creating prefix chain script '/home/ian/test_projects/install/setup.zsh'
